Using pre-set license
Built from '2022.3/staging' branch; Version is '2022.3.4f1 (35713cd46cd7) revision 3502396'; Using compiler version '192829333'; Build Type 'Release'
OS: 'Windows 11  (10.0.22000) 64bit Professional' Language: 'en' Physical Memory: 16297 MB
BatchMode: 1, IsHumanControllingUs: 0, StartBugReporterOnCrash: 0, Is64bit: 1, IsPro: 1

COMMAND LINE ARGUMENTS:
C:\Program Files\Unity\Hub\Editor\2022.3.4f1\Editor\Unity.exe
-adb2
-batchMode
-noUpm
-name
AssetImportWorker0
-projectPath
C:/Git Projects/Boss-Fights-In-Unity/BossFights
-logFile
Logs/AssetImportWorker0.log
-srvPort
63533
Successfully changed project path to: C:/Git Projects/Boss-Fights-In-Unity/BossFights
C:/Git Projects/Boss-Fights-In-Unity/BossFights
[UnityMemory] Configuration Parameters - Can be set up in boot.config
    "memorysetup-bucket-allocator-granularity=16"
    "memorysetup-bucket-allocator-bucket-count=8"
    "memorysetup-bucket-allocator-block-size=33554432"
    "memorysetup-bucket-allocator-block-count=8"
    "memorysetup-main-allocator-block-size=16777216"
    "memorysetup-thread-allocator-block-size=16777216"
    "memorysetup-gfx-main-allocator-block-size=16777216"
    "memorysetup-gfx-thread-allocator-block-size=16777216"
    "memorysetup-cache-allocator-block-size=4194304"
    "memorysetup-typetree-allocator-block-size=2097152"
    "memorysetup-profiler-bucket-allocator-granularity=16"
    "memorysetup-profiler-bucket-allocator-bucket-count=8"
    "memorysetup-profiler-bucket-allocator-block-size=33554432"
    "memorysetup-profiler-bucket-allocator-block-count=8"
    "memorysetup-profiler-allocator-block-size=16777216"
    "memorysetup-profiler-editor-allocator-block-size=1048576"
    "memorysetup-temp-allocator-size-main=16777216"
    "memorysetup-job-temp-allocator-block-size=2097152"
    "memorysetup-job-temp-allocator-block-size-background=1048576"
    "memorysetup-job-temp-allocator-reduction-small-platforms=262144"
    "memorysetup-allocator-temp-initial-block-size-main=262144"
    "memorysetup-allocator-temp-initial-block-size-worker=262144"
    "memorysetup-temp-allocator-size-background-worker=32768"
    "memorysetup-temp-allocator-size-job-worker=262144"
    "memorysetup-temp-allocator-size-preload-manager=33554432"
    "memorysetup-temp-allocator-size-nav-mesh-worker=65536"
    "memorysetup-temp-allocator-size-audio-worker=65536"
    "memorysetup-temp-allocator-size-cloud-worker=32768"
    "memorysetup-temp-allocator-size-gi-baking-worker=262144"
    "memorysetup-temp-allocator-size-gfx=262144"
Player connection [20884] Host "[IP] 192.168.100.10 [Port] 0 [Flags] 2 [Guid] 611357825 [EditorId] 611357825 [Version] 1048832 [Id] WindowsEditor(7,Fernando-PC) [Debug] 1 [PackageName] WindowsEditor [ProjectName] Editor" joined multi-casting on [225.0.0.222:54997]...

Player connection [20884] Host "[IP] 192.168.100.10 [Port] 0 [Flags] 2 [Guid] 611357825 [EditorId] 611357825 [Version] 1048832 [Id] WindowsEditor(7,Fernando-PC) [Debug] 1 [PackageName] WindowsEditor [ProjectName] Editor" joined alternative multi-casting on [225.0.0.222:34997]...

Refreshing native plugins compatible for Editor in 5.72 ms, found 3 plugins.
Preloading 0 native plugins for Editor in 0.00 ms.
Initialize engine version: 2022.3.4f1 (35713cd46cd7)
[Subsystems] Discovering subsystems at path C:/Program Files/Unity/Hub/Editor/2022.3.4f1/Editor/Data/Resources/UnitySubsystems
[Subsystems] Discovering subsystems at path C:/Git Projects/Boss-Fights-In-Unity/BossFights/Assets
GfxDevice: creating device client; threaded=0; jobified=0
Direct3D:
    Version:  Direct3D 11.0 [level 11.1]
    Renderer: NVIDIA GeForce RTX 3080 (ID=0x220a)
    Vendor:   NVIDIA
    VRAM:     12107 MB
    Driver:   31.0.15.3179
Initialize mono
Mono path[0] = 'C:/Program Files/Unity/Hub/Editor/2022.3.4f1/Editor/Data/Managed'
Mono path[1] = 'C:/Program Files/Unity/Hub/Editor/2022.3.4f1/Editor/Data/MonoBleedingEdge/lib/mono/unityjit-win32'
Mono config path = 'C:/Program Files/Unity/Hub/Editor/2022.3.4f1/Editor/Data/MonoBleedingEdge/etc'
Using monoOptions --debugger-agent=transport=dt_socket,embedding=1,server=y,suspend=n,address=127.0.0.1:56960
Begin MonoManager ReloadAssembly
Registering precompiled unity dll's ...
Register platform support module: C:/Program Files/Unity/Hub/Editor/2022.3.4f1/Editor/Data/PlaybackEngines/WindowsStandaloneSupport/UnityEditor.WindowsStandalone.Extensions.dll
Register platform support module: C:/Program Files/Unity/Hub/Editor/2022.3.4f1/Editor/Data/PlaybackEngines/MetroSupport/UnityEditor.UWP.Extensions.dll
Registered in 0.005761 seconds.
- Loaded All Assemblies, in  0.274 seconds
Native extension for UWP target not found
Native extension for WindowsStandalone target not found
Mono: successfully reloaded assembly
- Finished resetting the current domain, in  0.211 seconds
Domain Reload Profiling: 484ms
	BeginReloadAssembly (68ms)
		ExecutionOrderSort (0ms)
		DisableScriptedObjects (0ms)
		BackupInstance (0ms)
		ReleaseScriptingObjects (0ms)
		CreateAndSetChildDomain (1ms)
	RebuildCommonClasses (30ms)
	RebuildNativeTypeToScriptingClass (10ms)
	initialDomainReloadingComplete (47ms)
	LoadAllAssembliesAndSetupDomain (118ms)
		LoadAssemblies (65ms)
		RebuildTransferFunctionScriptingTraits (0ms)
		AnalyzeDomain (114ms)
			TypeCache.Refresh (113ms)
				TypeCache.ScanAssembly (104ms)
			ScanForSourceGeneratedMonoScriptInfo (0ms)
			ResolveRequiredComponents (0ms)
	FinalizeReload (212ms)
		ReleaseScriptCaches (0ms)
		RebuildScriptCaches (0ms)
		SetupLoadedEditorAssemblies (163ms)
			LogAssemblyErrors (0ms)
			InitializePlatformSupportModulesInManaged (8ms)
			SetLoadedEditorAssemblies (4ms)
			RefreshPlugins (0ms)
			BeforeProcessingInitializeOnLoad (2ms)
			ProcessInitializeOnLoadAttributes (112ms)
			ProcessInitializeOnLoadMethodAttributes (37ms)
			AfterProcessingInitializeOnLoad (0ms)
			EditorAssembliesLoaded (0ms)
		ExecutionOrderSort2 (0ms)
		AwakeInstancesAfterBackupRestoration (0ms)
========================================================================
Worker process is ready to serve import requests
Begin MonoManager ReloadAssembly
Symbol file LoadedFromMemory doesn't match image C:\Git Projects\Boss-Fights-In-Unity\BossFights\Library\PackageCache\com.unity.visualscripting@1.8.0\Editor\VisualScripting.Core\Dependencies\YamlDotNet\Unity.VisualScripting.YamlDotNet.dll
Symbol file LoadedFromMemory doesn't match image C:\Git Projects\Boss-Fights-In-Unity\BossFights\Library\PackageCache\com.unity.visualscripting@1.8.0\Editor\VisualScripting.Core\Dependencies\DotNetZip\Unity.VisualScripting.IonicZip.dll
- Loaded All Assemblies, in  0.561 seconds
Refreshing native plugins compatible for Editor in 2.45 ms, found 3 plugins.
Native extension for UWP target not found
Native extension for WindowsStandalone target not found
Mono: successfully reloaded assembly
- Finished resetting the current domain, in  0.390 seconds
Domain Reload Profiling: 948ms
	BeginReloadAssembly (102ms)
		ExecutionOrderSort (0ms)
		DisableScriptedObjects (4ms)
		BackupInstance (0ms)
		ReleaseScriptingObjects (0ms)
		CreateAndSetChildDomain (17ms)
	RebuildCommonClasses (30ms)
	RebuildNativeTypeToScriptingClass (11ms)
	initialDomainReloadingComplete (35ms)
	LoadAllAssembliesAndSetupDomain (381ms)
		LoadAssemblies (192ms)
		RebuildTransferFunctionScriptingTraits (0ms)
		AnalyzeDomain (233ms)
			TypeCache.Refresh (219ms)
				TypeCache.ScanAssembly (210ms)
			ScanForSourceGeneratedMonoScriptInfo (11ms)
			ResolveRequiredComponents (3ms)
	FinalizeReload (390ms)
		ReleaseScriptCaches (0ms)
		RebuildScriptCaches (0ms)
		SetupLoadedEditorAssemblies (276ms)
			LogAssemblyErrors (0ms)
			InitializePlatformSupportModulesInManaged (5ms)
			SetLoadedEditorAssemblies (4ms)
			RefreshPlugins (0ms)
			BeforeProcessingInitializeOnLoad (50ms)
			ProcessInitializeOnLoadAttributes (196ms)
			ProcessInitializeOnLoadMethodAttributes (15ms)
			AfterProcessingInitializeOnLoad (6ms)
			EditorAssembliesLoaded (0ms)
		ExecutionOrderSort2 (0ms)
		AwakeInstancesAfterBackupRestoration (5ms)
Launched and connected shader compiler UnityShaderCompiler.exe after 0.03 seconds
Refreshing native plugins compatible for Editor in 2.91 ms, found 3 plugins.
Preloading 0 native plugins for Editor in 0.00 ms.
Unloading 3065 Unused Serialized files (Serialized files now loaded: 0)
Unloading 31 unused Assets / (56.5 KB). Loaded Objects now: 3529.
Memory consumption went from 115.7 MB to 115.7 MB.
Total: 2.667600 ms (FindLiveObjects: 0.254900 ms CreateObjectMapping: 0.113600 ms MarkObjects: 2.185300 ms  DeleteObjects: 0.112800 ms)

AssetImportParameters requested are different than current active one (requested -> active):
  custom:container-demuxer-ogg: 62fdf1f143b41e24485cea50d1cbac27 -> 
  custom:video-decoder-ogg-theora: a1e56fd34408186e4bbccfd4996cb3dc -> 
  custom:framework-win-MediaFoundation: 216162199b28c13a410421893ffa2e32 -> 
  custom:CustomObjectIndexerAttribute: 756ad292c208cfabdd7b50bc23989ffe -> 
  custom:container-demuxer-webm: 4f35f7cbe854078d1ac9338744f61a02 -> 
  custom:container-muxer-webm: aa71ff27fc2769a1b78a27578f13a17b -> 
  custom:video-decoder-webm-vp8: 9c59270c3fd7afecdb556c50c9e8de78 -> 
  custom:AudioImporter_EditorPlatform: d09bf68614088b80899f8185d706f6e7 -> 
  custom:video-encoder-webm-vp8: eb34c28f22e8b96e1ab97ce403110664 -> 
  custom:audio-decoder-ogg-vorbis: bf7c407c2cedff20999df2af8eb42d56 -> 
  custom:audio-encoder-webm-vorbis: bf7c407c2cedff20999df2af8eb42d56 -> 
========================================================================
Received Import Request.
  Time since last request: 215587.313964 seconds.
  path: Assets
  artifactKey: Guid(00000000000000001000000000000000) Importer(815301076,1909f56bfc062723c751e8b465ee728b)
Start importing Assets using Guid(00000000000000001000000000000000) Importer(815301076,1909f56bfc062723c751e8b465ee728b)  -> (artifact id: '8a4fe85251aa2e89732c359432baa2c3') in 0.002469 seconds
Number of updated asset objects reloaded before import = 0
Number of asset objects unloaded after import = 0
========================================================================
Received Import Request.
  Time since last request: 13.006239 seconds.
  path: Assets/New Folder
  artifactKey: Guid(f8b6598aa22fbe248b7d31d3c7ac6ec5) Importer(815301076,1909f56bfc062723c751e8b465ee728b)
Start importing Assets/New Folder using Guid(f8b6598aa22fbe248b7d31d3c7ac6ec5) Importer(815301076,1909f56bfc062723c751e8b465ee728b)  -> (artifact id: '896a3af81c40e0baee836dd73e899d82') in 0.000424 seconds
Number of updated asset objects reloaded before import = 0
Number of asset objects unloaded after import = 0
========================================================================
Received Import Request.
  Time since last request: 1.017366 seconds.
  path: Assets/New Folder 1
  artifactKey: Guid(f4fae6da64397414899810aff4e00c06) Importer(815301076,1909f56bfc062723c751e8b465ee728b)
Start importing Assets/New Folder 1 using Guid(f4fae6da64397414899810aff4e00c06) Importer(815301076,1909f56bfc062723c751e8b465ee728b)  -> (artifact id: '251abf63009c63650ee2bc9d2a5fee4a') in 0.000404 seconds
Number of updated asset objects reloaded before import = 0
Number of asset objects unloaded after import = 0
========================================================================
Received Import Request.
  Time since last request: 0.342952 seconds.
  path: Assets/New Folder 2
  artifactKey: Guid(25170581981b1ac429a08c6a6b795f8e) Importer(815301076,1909f56bfc062723c751e8b465ee728b)
Start importing Assets/New Folder 2 using Guid(25170581981b1ac429a08c6a6b795f8e) Importer(815301076,1909f56bfc062723c751e8b465ee728b)  -> (artifact id: 'c9ab841508f71f4d78085b48bd4f121a') in 0.000353 seconds
Number of updated asset objects reloaded before import = 0
Number of asset objects unloaded after import = 0
========================================================================
Received Import Request.
  Time since last request: 0.218610 seconds.
  path: Assets/New Folder 3
  artifactKey: Guid(b2f83865296376f45a30f8384734a47e) Importer(815301076,1909f56bfc062723c751e8b465ee728b)
Start importing Assets/New Folder 3 using Guid(b2f83865296376f45a30f8384734a47e) Importer(815301076,1909f56bfc062723c751e8b465ee728b)  -> (artifact id: 'd53083cd0d8f81c32db893b7bd19896a') in 0.000382 seconds
Number of updated asset objects reloaded before import = 0
Number of asset objects unloaded after import = 0
========================================================================
Received Import Request.
  Time since last request: 0.184798 seconds.
  path: Assets/New Folder 4
  artifactKey: Guid(6adf8b0482be0594ca84168993c7d6bd) Importer(815301076,1909f56bfc062723c751e8b465ee728b)
Start importing Assets/New Folder 4 using Guid(6adf8b0482be0594ca84168993c7d6bd) Importer(815301076,1909f56bfc062723c751e8b465ee728b)  -> (artifact id: '7ea2b02b86f80e781b5d77c788850051') in 0.000424 seconds
Number of updated asset objects reloaded before import = 0
Number of asset objects unloaded after import = 0
========================================================================
Received Import Request.
  Time since last request: 0.156240 seconds.
  path: Assets/New Folder 5
  artifactKey: Guid(dda0241ea2b68794db5ac5d14b74a492) Importer(815301076,1909f56bfc062723c751e8b465ee728b)
Start importing Assets/New Folder 5 using Guid(dda0241ea2b68794db5ac5d14b74a492) Importer(815301076,1909f56bfc062723c751e8b465ee728b)  -> (artifact id: '83ce0d36ad04fbc77bd8bedfe08d953f') in 0.000499 seconds
Number of updated asset objects reloaded before import = 0
Number of asset objects unloaded after import = 0
========================================================================
Received Import Request.
  Time since last request: 0.174029 seconds.
  path: Assets/New Folder 6
  artifactKey: Guid(e823563bf51c91a4892f20fca8d304f7) Importer(815301076,1909f56bfc062723c751e8b465ee728b)
Start importing Assets/New Folder 6 using Guid(e823563bf51c91a4892f20fca8d304f7) Importer(815301076,1909f56bfc062723c751e8b465ee728b)  -> (artifact id: 'cafc7d3d1b67c0e297590dfb4488db4b') in 0.000378 seconds
Number of updated asset objects reloaded before import = 0
Number of asset objects unloaded after import = 0
========================================================================
Received Import Request.
  Time since last request: 0.373796 seconds.
  path: Assets/New Folder 7
  artifactKey: Guid(496d6921d2573024a8166b6fe16b19ec) Importer(815301076,1909f56bfc062723c751e8b465ee728b)
Start importing Assets/New Folder 7 using Guid(496d6921d2573024a8166b6fe16b19ec) Importer(815301076,1909f56bfc062723c751e8b465ee728b)  -> (artifact id: '67a2666dfa8822df6a98637e38d9abaa') in 0.000404 seconds
Number of updated asset objects reloaded before import = 0
Number of asset objects unloaded after import = 0
========================================================================
Received Import Request.
  Time since last request: 0.155834 seconds.
  path: Assets/New Folder 8
  artifactKey: Guid(a433a259b56cb6f4eb2bd79e949369a3) Importer(815301076,1909f56bfc062723c751e8b465ee728b)
Start importing Assets/New Folder 8 using Guid(a433a259b56cb6f4eb2bd79e949369a3) Importer(815301076,1909f56bfc062723c751e8b465ee728b)  -> (artifact id: '6330ab217686d9ad787b0b9a7b04b3c9') in 0.000371 seconds
Number of updated asset objects reloaded before import = 0
Number of asset objects unloaded after import = 0
========================================================================
Received Import Request.
  Time since last request: 4.198346 seconds.
  path: Assets/Animations
  artifactKey: Guid(f8b6598aa22fbe248b7d31d3c7ac6ec5) Importer(815301076,1909f56bfc062723c751e8b465ee728b)
Start importing Assets/Animations using Guid(f8b6598aa22fbe248b7d31d3c7ac6ec5) Importer(815301076,1909f56bfc062723c751e8b465ee728b)  -> (artifact id: 'b15d6a378eee15e771c2158768da7ab2') in 0.000377 seconds
Number of updated asset objects reloaded before import = 0
Number of asset objects unloaded after import = 0
========================================================================
Received Import Request.
  Time since last request: 2.863149 seconds.
  path: Assets/Asset Packs
  artifactKey: Guid(f4fae6da64397414899810aff4e00c06) Importer(815301076,1909f56bfc062723c751e8b465ee728b)
Start importing Assets/Asset Packs using Guid(f4fae6da64397414899810aff4e00c06) Importer(815301076,1909f56bfc062723c751e8b465ee728b)  -> (artifact id: '288c4227d743e49bc368cdb6572ab7a2') in 0.000383 seconds
Number of updated asset objects reloaded before import = 0
Number of asset objects unloaded after import = 0
========================================================================
Received Import Request.
  Time since last request: 2.563147 seconds.
  path: Assets/Config
  artifactKey: Guid(25170581981b1ac429a08c6a6b795f8e) Importer(815301076,1909f56bfc062723c751e8b465ee728b)
Start importing Assets/Config using Guid(25170581981b1ac429a08c6a6b795f8e) Importer(815301076,1909f56bfc062723c751e8b465ee728b)  -> (artifact id: '1294b74b0d5c1b19571acefe89952337') in 0.000377 seconds
Number of updated asset objects reloaded before import = 0
Number of asset objects unloaded after import = 0
========================================================================
Received Import Request.
  Time since last request: 1.686991 seconds.
  path: Assets/Editor
  artifactKey: Guid(b2f83865296376f45a30f8384734a47e) Importer(815301076,1909f56bfc062723c751e8b465ee728b)
Start importing Assets/Editor using Guid(b2f83865296376f45a30f8384734a47e) Importer(815301076,1909f56bfc062723c751e8b465ee728b)  -> (artifact id: '22ac896886b37b4090567f27131e5082') in 0.000379 seconds
Number of updated asset objects reloaded before import = 0
Number of asset objects unloaded after import = 0
========================================================================
Received Import Request.
  Time since last request: 2.751894 seconds.
  path: Assets/Materials
  artifactKey: Guid(6adf8b0482be0594ca84168993c7d6bd) Importer(815301076,1909f56bfc062723c751e8b465ee728b)
Start importing Assets/Materials using Guid(6adf8b0482be0594ca84168993c7d6bd) Importer(815301076,1909f56bfc062723c751e8b465ee728b)  -> (artifact id: '5c98886a44373f1b14c09e3ab5d1ad6f') in 0.000396 seconds
Number of updated asset objects reloaded before import = 0
Number of asset objects unloaded after import = 0
========================================================================
Received Import Request.
  Time since last request: 2.388239 seconds.
  path: Assets/Placeholders
  artifactKey: Guid(dda0241ea2b68794db5ac5d14b74a492) Importer(815301076,1909f56bfc062723c751e8b465ee728b)
Start importing Assets/Placeholders using Guid(dda0241ea2b68794db5ac5d14b74a492) Importer(815301076,1909f56bfc062723c751e8b465ee728b)  -> (artifact id: 'cef2582772bb507609c138b757e64066') in 0.000383 seconds
Number of updated asset objects reloaded before import = 0
Number of asset objects unloaded after import = 0
========================================================================
Received Import Request.
  Time since last request: 0.267294 seconds.
  path: Assets/Scenes
  artifactKey: Guid(d7e1810f2694b944883c11876e20a30d) Importer(815301076,1909f56bfc062723c751e8b465ee728b)
Start importing Assets/Scenes using Guid(d7e1810f2694b944883c11876e20a30d) Importer(815301076,1909f56bfc062723c751e8b465ee728b)  -> (artifact id: 'dcbdbc563e40409788c70a196fc4122f') in 0.000368 seconds
Number of updated asset objects reloaded before import = 0
Number of asset objects unloaded after import = 0
========================================================================
Received Import Request.
  Time since last request: 11.463792 seconds.
  path: Assets/Prefabs
  artifactKey: Guid(e823563bf51c91a4892f20fca8d304f7) Importer(815301076,1909f56bfc062723c751e8b465ee728b)
Start importing Assets/Prefabs using Guid(e823563bf51c91a4892f20fca8d304f7) Importer(815301076,1909f56bfc062723c751e8b465ee728b)  -> (artifact id: 'c1a9936b025ee8495eee3e5d0e79837b') in 0.000499 seconds
Number of updated asset objects reloaded before import = 0
Number of asset objects unloaded after import = 0
========================================================================
Received Import Request.
  Time since last request: 2.260450 seconds.
  path: Assets/Resources
  artifactKey: Guid(496d6921d2573024a8166b6fe16b19ec) Importer(815301076,1909f56bfc062723c751e8b465ee728b)
Start importing Assets/Resources using Guid(496d6921d2573024a8166b6fe16b19ec) Importer(815301076,1909f56bfc062723c751e8b465ee728b)  -> (artifact id: '1ae3628d6d6997720eb6e89dcdfc13c8') in 0.000384 seconds
Number of updated asset objects reloaded before import = 0
Number of asset objects unloaded after import = 0
========================================================================
Received Import Request.
  Time since last request: 32.157859 seconds.
  path: Assets/New Folder 9
  artifactKey: Guid(6a50efce12cf9ec4980e799446f5e444) Importer(815301076,1909f56bfc062723c751e8b465ee728b)
Start importing Assets/New Folder 9 using Guid(6a50efce12cf9ec4980e799446f5e444) Importer(815301076,1909f56bfc062723c751e8b465ee728b)  -> (artifact id: '64f02a2fdc6c5486f7e542892dbc1d44') in 0.000401 seconds
Number of updated asset objects reloaded before import = 0
Number of asset objects unloaded after import = 0
========================================================================
Received Import Request.
  Time since last request: 0.140895 seconds.
  path: Assets/New Folder 10
  artifactKey: Guid(e894b6926e1138745babc603d89c0d07) Importer(815301076,1909f56bfc062723c751e8b465ee728b)
Start importing Assets/New Folder 10 using Guid(e894b6926e1138745babc603d89c0d07) Importer(815301076,1909f56bfc062723c751e8b465ee728b)  -> (artifact id: 'f06b29ad5a63385afeec5b05fde5a1d6') in 0.000471 seconds
Number of updated asset objects reloaded before import = 0
Number of asset objects unloaded after import = 0
========================================================================
Received Import Request.
  Time since last request: 3.390047 seconds.
  path: Assets/Scripts
  artifactKey: Guid(a433a259b56cb6f4eb2bd79e949369a3) Importer(815301076,1909f56bfc062723c751e8b465ee728b)
Start importing Assets/Scripts using Guid(a433a259b56cb6f4eb2bd79e949369a3) Importer(815301076,1909f56bfc062723c751e8b465ee728b)  -> (artifact id: 'e989d13cf97b0bfc5a300504291eb6a7') in 0.000542 seconds
Number of updated asset objects reloaded before import = 0
Number of asset objects unloaded after import = 0
========================================================================
Received Import Request.
  Time since last request: 2.953478 seconds.
  path: Assets/Sprites
  artifactKey: Guid(e894b6926e1138745babc603d89c0d07) Importer(815301076,1909f56bfc062723c751e8b465ee728b)
Start importing Assets/Sprites using Guid(e894b6926e1138745babc603d89c0d07) Importer(815301076,1909f56bfc062723c751e8b465ee728b)  -> (artifact id: '01cdffda1fb25acc9a19e0db1428d3f9') in 0.000371 seconds
Number of updated asset objects reloaded before import = 0
Number of asset objects unloaded after import = 0
